0 info it worked if it ends with ok
1 verbose cli [ 'node', '/usr/local/bin/npm', 'run', 'start' ]
2 info using npm@3.5.2
3 info using node@v0.12.2
4 verbose stack Error: Failed to parse json
4 verbose stack Trailing comma in object at 9:3
4 verbose stack   },
4 verbose stack   ^
4 verbose stack     at parseError (/usr/local/lib/node_modules/npm/node_modules/read-package-json/read-json.js:379:11)
4 verbose stack     at parseJson (/usr/local/lib/node_modules/npm/node_modules/read-package-json/read-json.js:68:23)
4 verbose stack     at /usr/local/lib/node_modules/npm/node_modules/read-package-json/read-json.js:48:5
4 verbose stack     at /usr/local/lib/node_modules/npm/node_modules/graceful-fs/graceful-fs.js:76:16
4 verbose stack     at fs.js:334:14
4 verbose stack     at /usr/local/lib/node_modules/npm/node_modules/graceful-fs/graceful-fs.js:42:10
4 verbose stack     at FSReqWrap.oncomplete (fs.js:95:15)
5 verbose cwd /Users/tconroy/Code/playground/react-fundamentals-curriculum
6 error Darwin 15.3.0
7 error argv "node" "/usr/local/bin/npm" "run" "start"
8 error node v0.12.2
9 error npm  v3.5.2
10 error file /Users/tconroy/Code/playground/react-fundamentals-curriculum/package.json
11 error code EJSONPARSE
12 error Failed to parse json
12 error Trailing comma in object at 9:3
12 error   },
12 error   ^
13 error File: /Users/tconroy/Code/playground/react-fundamentals-curriculum/package.json
14 error Failed to parse package.json data.
14 error package.json must be actual JSON, not just JavaScript.
14 error
14 error This is not a bug in npm.
14 error Tell the package author to fix their package.json file. JSON.parse
15 verbose exit [ 1, true ]
